\BOOKMARK [0][-]{title.0}{\376\377\134\001\227\142}{}% 1
\BOOKMARK [0][-]{contents.0}{\376\377\166\356\137\125}{}% 2
\BOOKMARK [0][-]{chapter*.1}{\376\377\122\115\212\000}{}% 3
\BOOKMARK [0][-]{chapter.1}{\376\377\173\054\116\000\172\340\000\040\137\353\220\037\121\145\225\350}{}% 4
\BOOKMARK [1][-]{section.1.1}{\376\377\0001\000.\0001\000\040\137\000\131\313}{chapter.1}% 5
\BOOKMARK [2][-]{subsection.1.1.1}{\376\377\000\040\000A\000W\000K\000\040\172\013\136\217\166\204\176\323\147\204}{section.1.1}% 6
\BOOKMARK [2][-]{subsection.1.1.2}{\376\377\000\040\217\320\210\114\000\040\000A\000W\000K\000\040\172\013\136\217}{section.1.1}% 7
\BOOKMARK [2][-]{subsection.1.1.3}{\376\377\000\040\225\031\213\357}{section.1.1}% 8
\BOOKMARK [1][-]{section.1.2}{\376\377\0001\000.\0002\000\040\173\200\123\125\166\204\217\223\121\372}{chapter.1}% 9
\BOOKMARK [2][-]{subsection.1.2.1}{\376\377\000\040\142\123\123\160\153\317\116\000\210\114}{section.1.2}% 10
\BOOKMARK [2][-]{subsection.1.2.2}{\376\377\000\040\142\123\123\160\147\320\116\233\133\127\153\265}{section.1.2}% 11
\BOOKMARK [2][-]{subsection.1.2.3}{\376\377\000\040\000N\000F\000,\000\040\133\127\153\265\166\204\145\160\221\317}{section.1.2}% 12
\BOOKMARK [2][-]{subsection.1.2.4}{\376\377\000\040\213\241\173\227\124\214\142\123\123\160}{section.1.2}% 13
\BOOKMARK [2][-]{subsection.1.2.5}{\376\377\000\040\142\123\123\160\210\114\123\367}{section.1.2}% 14
\BOOKMARK [2][-]{subsection.1.2.6}{\376\377\000\040\134\006\145\207\147\054\145\076\121\145\217\223\121\372\116\055}{section.1.2}% 15
\BOOKMARK [1][-]{section.1.3}{\376\377\0001\000.\0003\000\040\146\364\174\276\177\216\166\204\217\223\121\372}{chapter.1}% 16
\BOOKMARK [2][-]{subsection.1.3.1}{\376\377\000\040\133\127\153\265\143\222\122\027}{section.1.3}% 17
\BOOKMARK [2][-]{subsection.1.3.2}{\376\377\000\040\217\223\121\372\143\222\136\217}{section.1.3}% 18
\BOOKMARK [1][-]{section.1.4}{\376\377\0001\000.\0004\000\040\220\011\142\351}{chapter.1}% 19
\BOOKMARK [2][-]{subsection.1.4.1}{\376\377\000\040\220\032\217\307\153\324\217\203\217\333\210\114\220\011\142\351}{section.1.4}% 20
\BOOKMARK [2][-]{subsection.1.4.2}{\376\377\000\040\220\032\217\307\213\241\173\227\217\333\210\114\220\011\142\351}{section.1.4}% 21
\BOOKMARK [2][-]{subsection.1.4.3}{\376\377\000\040\220\032\217\307\145\207\147\054\121\205\133\271\220\011\142\351}{section.1.4}% 22
\BOOKMARK [2][-]{subsection.1.4.4}{\376\377\000\040\152\041\137\017\166\204\176\304\124\010}{section.1.4}% 23
\BOOKMARK [2][-]{subsection.1.4.5}{\376\377\000\040\145\160\143\156\232\214\213\301}{section.1.4}% 24
\BOOKMARK [2][-]{subsection.1.4.6}{\376\377\000\040\000B\000E\000G\000I\000N\116\016\000\040\000E\000N\000D}{section.1.4}% 25
\BOOKMARK [1][-]{section.1.5}{\376\377\0001\000.\0005\000\040\165\050\000\040\000A\000W\000K\000\040\213\241\173\227}{chapter.1}% 26
\BOOKMARK [2][-]{subsection.1.5.1}{\376\377\000\040\213\241\145\160}{section.1.5}% 27
\BOOKMARK [2][-]{subsection.1.5.2}{\376\377\000\040\213\241\173\227\140\073\124\214\116\016\136\163\127\107\145\160}{section.1.5}% 28
\BOOKMARK [2][-]{subsection.1.5.3}{\376\377\000\040\144\315\117\134\145\207\147\054}{section.1.5}% 29
\BOOKMARK [2][-]{subsection.1.5.4}{\376\377\000\040\133\127\173\046\116\062\142\374\143\245}{section.1.5}% 30
\BOOKMARK [2][-]{subsection.1.5.5}{\376\377\000\040\142\123\123\160\147\000\124\016\116\000\210\114}{section.1.5}% 31
\BOOKMARK [2][-]{subsection.1.5.6}{\376\377\000\040\121\205\136\372\121\375\145\160}{section.1.5}% 32
\BOOKMARK [2][-]{subsection.1.5.7}{\376\377\000\040\210\114\000,\000\040\123\125\213\315\116\016\133\127\173\046\166\204\213\241\145\160}{section.1.5}% 33
\BOOKMARK [1][-]{section.1.6}{\376\377\0001\000.\0006\000\040\155\101\172\013\143\247\122\066\213\355\123\345}{chapter.1}% 34
\BOOKMARK [2][-]{subsection.1.6.1}{\376\377\000\040\000I\000f\000-\000E\000l\000s\000e\000\040\213\355\123\345}{section.1.6}% 35
\BOOKMARK [2][-]{subsection.1.6.2}{\376\377\000\040\000W\000h\000i\000l\000e\000\040\213\355\123\345}{section.1.6}% 36
\BOOKMARK [2][-]{subsection.1.6.3}{\376\377\000\040\000F\000o\000r\000\040\213\355\123\345}{section.1.6}% 37
\BOOKMARK [1][-]{section.1.7}{\376\377\0001\000.\0007\000\040\145\160\176\304}{chapter.1}% 38
\BOOKMARK [1][-]{section.1.8}{\376\377\0001\000.\0008\000\040\133\236\165\050\000`\000`\116\000\210\114\000'\000'\142\113\121\214}{chapter.1}% 39
\BOOKMARK [1][-]{section.1.9}{\376\377\0001\000.\0009\000\040\143\245\116\013\147\145}{chapter.1}% 40
\BOOKMARK [0][-]{chapter*.6}{\376\377\000A\000w\000k\000\040\213\355\212\000}{}% 41
\BOOKMARK [1][-]{the_input_file_countries.1}{\376\377\217\223\121\145\145\207\116\366}{chapter*.6}% 42
\BOOKMARK [1][-]{program_format.1}{\376\377\172\013\136\217\150\074\137\017}{chapter*.6}% 43
\BOOKMARK [1][-]{section.1.10}{\376\377\0001\000.\0001\0000\000\040\152\041\137\017}{chapter*.6}% 44
\BOOKMARK [2][-]{subsection.1.10.1}{\376\377\000\040\000B\000E\000G\000I\000N\116\016\000\040\000E\000N\000D}{section.1.10}% 45
